This is pdfTeX, Version 3.141592653-2.6-1.40.23 (TeX Live 2021/W32TeX) (preloaded format=pdflatex 2022.3.1)  8 MAR 2022 13:54
entering extended mode
 restricted \write18 enabled.
 %&-line parsing enabled.
**textbook.tex
(./textbook.tex
LaTeX2e <2021-11-15> patch level 1
L3 programming layer <2022-02-24> (c:/Users/lucp8407/AppData/Roaming/TinyTeX/texmf-dist/tex/latex/tufte-latex/tufte-book.cls
Document Class: tufte-book 2015/06/21 v3.5.2 Tufte-book class
(c:/Users/lucp8407/AppData/Roaming/TinyTeX/texmf-dist/tex/latex/tufte-latex/tufte-common.def
File: tufte-common.def 2015/06/21 v3.5.2 Common code for the Tufte-LaTeX styles
(c:/Users/lucp8407/AppData/Roaming/TinyTeX/texmf-dist/tex/latex/xkeyval/xkeyval.sty
Package: xkeyval 2020/11/20 v2.8 package option processing (HA)
(c:/Users/lucp8407/AppData/Roaming/TinyTeX/texmf-dist/tex/generic/xkeyval/xkeyval.tex (c:/Users/lucp8407/AppData/Roaming/TinyTeX/texmf-dist/tex/generic/xkeyval/xkvutils.tex
\XKV@toks=\toks16
\XKV@tempa@toks=\toks17
(c:/Users/lucp8407/AppData/Roaming/TinyTeX/texmf-dist/tex/generic/xkeyval/keyval.tex))
\XKV@depth=\count185
File: xkeyval.tex 2014/12/03 v2.7a key=value parser (HA)
)) (c:/Users/lucp8407/AppData/Roaming/TinyTeX/texmf-dist/tex/latex/xifthen/xifthen.sty
Package: xifthen 2015/11/05 v1.4.0 Extended ifthen features
(c:/Users/lucp8407/AppData/Roaming/TinyTeX/texmf-dist/tex/latex/tools/calc.sty
Package: calc 2017/05/25 v4.3 Infix arithmetic (KKT,FJ)
\calc@Acount=\count186
\calc@Bcount=\count187
\calc@Adimen=\dimen138
\calc@Bdimen=\dimen139
\calc@Askip=\skip47
\calc@Bskip=\skip48
LaTeX Info: Redefining \setlength on input line 80.
LaTeX Info: Redefining \addtolength on input line 81.
\calc@Ccount=\count188
\calc@Cskip=\skip49
) (c:/Users/lucp8407/AppData/Roaming/TinyTeX/texmf-dist/tex/latex/base/ifthen.sty
Package: ifthen 2020/11/24 v1.1c Standard LaTeX ifthen package (DPC)
) (c:/Users/lucp8407/AppData/Roaming/TinyTeX/texmf-dist/tex/latex/ifmtarg/ifmtarg.sty
Package: ifmtarg 2018/04/16 v1.2b check for an empty argument
)) (c:/Users/lucp8407/AppData/Roaming/TinyTeX/texmf-dist/tex/latex/hardwrap/hardwrap.sty
Package: hardwrap 2011/02/12 v0.2 Hard wrap messages
(c:/Users/lucp8407/AppData/Roaming/TinyTeX/texmf-dist/tex/generic/pdftexcmds/pdftexcmds.sty
Package: pdftexcmds 2020-06-27 v0.33 Utility functions of pdfTeX for LuaTeX (HO)
(c:/Users/lucp8407/AppData/Roaming/TinyTeX/texmf-dist/tex/generic/infwarerr/infwarerr.sty
Package: infwarerr 2019/12/03 v1.5 Providing info/warning/error messages (HO)
) (c:/Users/lucp8407/AppData/Roaming/TinyTeX/texmf-dist/tex/generic/iftex/iftex.sty
Package: iftex 2022/02/03 v1.0f TeX engine tests
) (c:/Users/lucp8407/AppData/Roaming/TinyTeX/texmf-dist/tex/generic/ltxcmds/ltxcmds.sty
Package: ltxcmds 2020-05-10 v1.25 LaTeX kernel commands for general use (HO)
)
Package pdftexcmds Info: \pdf@primitive is available.
Package pdftexcmds Info: \pdf@ifprimitive is available.
Package pdftexcmds Info: \pdfdraftmode found.
) (c:/Users/lucp8407/AppData/Roaming/TinyTeX/texmf-dist/tex/generic/iftex/ifxetex.sty
Package: ifxetex 2019/10/25 v0.7 ifxetex legacy package. Use iftex instead.
)
\hw@charcount=\count189
\hw@wordcount=\count190
\hw@maxprintline=\count191
)
Class tufte-book Info: Loading the base class `book'
(c:/Users/lucp8407/AppData/Roaming/TinyTeX/texmf-dist/tex/latex/base/book.cls
Document Class: book 2021/10/04 v1.4n Standard LaTeX document class
(c:/Users/lucp8407/AppData/Roaming/TinyTeX/texmf-dist/tex/latex/base/bk10.clo
File: bk10.clo 2021/10/04 v1.4n Standard LaTeX file (size option)
)
\c@part=\count192
\c@chapter=\count193
\c@section=\count194
\c@subsection=\count195
\c@subsubsection=\count196
\c@paragraph=\count197
\c@subparagraph=\count198
\c@figure=\count199
\c@table=\count266
\abovecaptionskip=\skip50
\belowcaptionskip=\skip51
\bibindent=\dimen140
) (c:/Users/lucp8407/AppData/Roaming/TinyTeX/texmf-dist/tex/generic/iftex/ifpdf.sty
Package: ifpdf 2019/10/25 v3.4 ifpdf legacy package. Use iftex instead.
) (c:/Users/lucp8407/AppData/Roaming/TinyTeX/texmf-dist/tex/generic/iftex/ifluatex.sty
Package: ifluatex 2019/10/25 v1.5 ifluatex legacy package. Use iftex instead.
) (c:/Users/lucp8407/AppData/Roaming/TinyTeX/texmf-dist/tex/latex/titlesec/titlesec.sty
Package: titlesec 2021/07/05 v2.14 Sectioning titles
\ttl@box=\box50
\beforetitleunit=\skip52
\aftertitleunit=\skip53
\ttl@plus=\dimen141
\ttl@minus=\dimen142
\ttl@toksa=\toks18
\titlewidth=\dimen143
\titlewidthlast=\dimen144
\titlewidthfirst=\dimen145
) (c:/Users/lucp8407/AppData/Roaming/TinyTeX/texmf-dist/tex/latex/titlesec/titletoc.sty
Package: titletoc 2021/07/05 v2.14 TOC entries
\ttl@leftsep=\dimen146
) (c:/Users/lucp8407/AppData/Roaming/TinyTeX/texmf-dist/tex/latex/hyperref/hyperref.sty
Package: hyperref 2022-02-21 v7.00n Hypertext links for LaTeX
(c:/Users/lucp8407/AppData/Roaming/TinyTeX/texmf-dist/tex/generic/kvsetkeys/kvsetkeys.sty
Package: kvsetkeys 2019/12/15 v1.18 Key value parser (HO)
) (c:/Users/lucp8407/AppData/Roaming/TinyTeX/texmf-dist/tex/generic/kvdefinekeys/kvdefinekeys.sty
Package: kvdefinekeys 2019-12-19 v1.6 Define keys (HO)
) (c:/Users/lucp8407/AppData/Roaming/TinyTeX/texmf-dist/tex/generic/pdfescape/pdfescape.sty
Package: pdfescape 2019/12/09 v1.15 Implements pdfTeX's escape features (HO)
) (c:/Users/lucp8407/AppData/Roaming/TinyTeX/texmf-dist/tex/latex/hycolor/hycolor.sty
Package: hycolor 2020-01-27 v1.10 Color options for hyperref/bookmark (HO)
) (c:/Users/lucp8407/AppData/Roaming/TinyTeX/texmf-dist/tex/latex/letltxmacro/letltxmacro.sty
Package: letltxmacro 2019/12/03 v1.6 Let assignment for LaTeX macros (HO)
) (c:/Users/lucp8407/AppData/Roaming/TinyTeX/texmf-dist/tex/latex/auxhook/auxhook.sty
Package: auxhook 2019-12-17 v1.6 Hooks for auxiliary files (HO)
) (c:/Users/lucp8407/AppData/Roaming/TinyTeX/texmf-dist/tex/latex/kvoptions/kvoptions.sty
Package: kvoptions 2020-10-07 v3.14 Key value format for package options (HO)
)
\@linkdim=\dimen147
\Hy@linkcounter=\count267
\Hy@pagecounter=\count268
(c:/Users/lucp8407/AppData/Roaming/TinyTeX/texmf-dist/tex/latex/hyperref/pd1enc.def
File: pd1enc.def 2022-02-21 v7.00n Hyperref: PDFDocEncoding definition (HO)
Now handling font encoding PD1 ...
... no UTF-8 mapping file for font encoding PD1
) (c:/Users/lucp8407/AppData/Roaming/TinyTeX/texmf-dist/tex/generic/intcalc/intcalc.sty
Package: intcalc 2019/12/15 v1.3 Expandable calculations with integers (HO)
) (c:/Users/lucp8407/AppData/Roaming/TinyTeX/texmf-dist/tex/generic/etexcmds/etexcmds.sty
Package: etexcmds 2019/12/15 v1.7 Avoid name clashes with e-TeX commands (HO)
)
\Hy@SavedSpaceFactor=\count269
(c:/Users/lucp8407/AppData/Roaming/TinyTeX/texmf-dist/tex/latex/hyperref/puenc.def
File: puenc.def 2022-02-21 v7.00n Hyperref: PDF Unicode definition (HO)
Now handling font encoding PU ...
... no UTF-8 mapping file for font encoding PU
)
Package hyperref Info: Option `unicode' set `true' on input line 4018.
Package hyperref Info: Option `hyperfootnotes' set `false' on input line 4018.
Package hyperref Info: Hyper figures OFF on input line 4137.
Package hyperref Info: Link nesting OFF on input line 4142.
Package hyperref Info: Hyper index ON on input line 4145.
Package hyperref Info: Plain pages OFF on input line 4152.
Package hyperref Info: Backreferencing OFF on input line 4157.
Package hyperref Info: Implicit mode ON; LaTeX internals redefined.
Package hyperref Info: Bookmarks ON on input line 4390.
\c@Hy@tempcnt=\count270
(c:/Users/lucp8407/AppData/Roaming/TinyTeX/texmf-dist/tex/latex/url/url.sty
\Urlmuskip=\muskip16
Package: url 2013/09/16  ver 3.4  Verb mode for urls, etc.
)
LaTeX Info: Redefining \url on input line 4749.
\XeTeXLinkMargin=\dimen148
(c:/Users/lucp8407/AppData/Roaming/TinyTeX/texmf-dist/tex/generic/bitset/bitset.sty
Package: bitset 2019/12/09 v1.3 Handle bit-vector datatype (HO)
(c:/Users/lucp8407/AppData/Roaming/TinyTeX/texmf-dist/tex/generic/bigintcalc/bigintcalc.sty
Package: bigintcalc 2019/12/15 v1.5 Expandable calculations on big integers (HO)
))
\Fld@menulength=\count271
\Field@Width=\dimen149
\Fld@charsize=\dimen150
Package hyperref Info: Hyper figures OFF on input line 6027.
Package hyperref Info: Link nesting OFF on input line 6032.
Package hyperref Info: Hyper index ON on input line 6035.
Package hyperref Info: backreferencing OFF on input line 6042.
Package hyperref Info: Link coloring OFF on input line 6047.
Package hyperref Info: Link coloring with OCG OFF on input line 6052.
Package hyperref Info: PDF/A mode OFF on input line 6057.
LaTeX Info: Redefining \ref on input line 6097.
LaTeX Info: Redefining \pageref on input line 6101.
(c:/Users/lucp8407/AppData/Roaming/TinyTeX/texmf-dist/tex/latex/base/atbegshi-ltx.sty
Package: atbegshi-ltx 2021/01/10 v1.0c Emulation of the original atbegshi
package with kernel methods
)
\Hy@abspage=\count272
\c@Item=\count273
)
Package hyperref Info: Driver (autodetected): hpdftex.
(c:/Users/lucp8407/AppData/Roaming/TinyTeX/texmf-dist/tex/latex/hyperref/hpdftex.def
File: hpdftex.def 2022-02-21 v7.00n Hyperref driver for pdfTeX
(c:/Users/lucp8407/AppData/Roaming/TinyTeX/texmf-dist/tex/latex/base/atveryend-ltx.sty
Package: atveryend-ltx 2020/08/19 v1.0a Emulation of the original atveryend package
with kernel methods
)
\Fld@listcount=\count274
\c@bookmark@seq@number=\count275
(c:/Users/lucp8407/AppData/Roaming/TinyTeX/texmf-dist/tex/latex/rerunfilecheck/rerunfilecheck.sty
Package: rerunfilecheck 2019/12/05 v1.9 Rerun checks for auxiliary files (HO)
(c:/Users/lucp8407/AppData/Roaming/TinyTeX/texmf-dist/tex/generic/uniquecounter/uniquecounter.sty
Package: uniquecounter 2019/12/15 v1.4 Provide unlimited unique counter (HO)
)
Package uniquecounter Info: New unique counter `rerunfilecheck' on input line 286.
)
\Hy@SectionHShift=\skip54
) (c:/Users/lucp8407/AppData/Roaming/TinyTeX/texmf-dist/tex/latex/ragged2e/ragged2e.sty
Package: ragged2e 2021/12/15 v3.1 ragged2e Package
\CenteringLeftskip=\skip55
\RaggedLeftLeftskip=\skip56
\RaggedRightLeftskip=\skip57
\CenteringRightskip=\skip58
\RaggedLeftRightskip=\skip59
\RaggedRightRightskip=\skip60
\CenteringParfillskip=\skip61
\RaggedLeftParfillskip=\skip62
\RaggedRightParfillskip=\skip63
\JustifyingParfillskip=\skip64
\CenteringParindent=\skip65
\RaggedLeftParindent=\skip66
\RaggedRightParindent=\skip67
\JustifyingParindent=\skip68
) (c:/Users/lucp8407/AppData/Roaming/TinyTeX/texmf-dist/tex/latex/geometry/geometry.sty
Package: geometry 2020/01/02 v5.9 Page Geometry
(c:/Users/lucp8407/AppData/Roaming/TinyTeX/texmf-dist/tex/generic/iftex/ifvtex.sty
Package: ifvtex 2019/10/25 v1.7 ifvtex legacy package. Use iftex instead.
)
\Gm@cnth=\count276
\Gm@cntv=\count277
\c@Gm@tempcnt=\count278
\Gm@bindingoffset=\dimen151
\Gm@wd@mp=\dimen152
\Gm@odd@mp=\dimen153
\Gm@even@mp=\dimen154
\Gm@layoutwidth=\dimen155
\Gm@layoutheight=\dimen156
\Gm@layouthoffset=\dimen157
\Gm@layoutvoffset=\dimen158
\Gm@dimlist=\toks19
) (c:/Users/lucp8407/AppData/Roaming/TinyTeX/texmf-dist/tex/latex/changepage/changepage.sty
Package: changepage 2009/10/20 v1.0c check page and change page layout
\c@cp@cntr=\count279
\cp@tempcnt=\count280
)
\@tufte@overhang=\skip69
\@tufte@fullwidth=\skip70
\@tufte@caption@fill=\skip71
(c:/Users/lucp8407/AppData/Roaming/TinyTeX/texmf-dist/tex/latex/paralist/paralist.sty
Package: paralist 2017/01/22 v2.7 Extended list environments
\pltopsep=\skip72
\plpartopsep=\skip73
\plitemsep=\skip74
\plparsep=\skip75
\pl@lab=\toks20
) (c:/Users/lucp8407/AppData/Roaming/TinyTeX/texmf-dist/tex/latex/textcase/textcase.sty
Package: textcase 2019/09/14 v1.00 Text only upper/lower case changing (DPC)
) (c:/Users/lucp8407/AppData/Roaming/TinyTeX/texmf-dist/tex/latex/microtype/letterspace.sty
Package: letterspace 2022/02/22 v3.0c Robust letterspacing (RS)
LaTeX Info: Redefining \lsstyle on input line 340.
LaTeX Info: Redefining \lslig on input line 341.
LaTeX Info: Redefining \textls on input line 366.
\MT@outer@kern=\dimen159
) (c:/Users/lucp8407/AppData/Roaming/TinyTeX/texmf-dist/tex/latex/setspace/setspace.sty
Package: setspace 2011/12/19 v6.7a set line spacing
) (c:/Users/lucp8407/AppData/Roaming/TinyTeX/texmf-dist/tex/latex/xcolor/xcolor.sty
Package: xcolor 2021/10/31 v2.13 LaTeX color extensions (UK)
(c:/Users/lucp8407/AppData/Roaming/TinyTeX/texmf-dist/tex/latex/graphics-cfg/color.cfg
File: color.cfg 2016/01/02 v1.6 sample color configuration
)
Package xcolor Info: Package option `usenames' ignored on input line 218.
Package xcolor Info: Driver file: pdftex.def on input line 227.
(c:/Users/lucp8407/AppData/Roaming/TinyTeX/texmf-dist/tex/latex/graphics-def/pdftex.def
File: pdftex.def 2020/10/05 v1.2a Graphics/color driver for pdftex
)
Package xcolor Info: Model `cmy' substituted by `cmy0' on input line 1352.
Package xcolor Info: Model `hsb' substituted by `rgb' on input line 1356.
Package xcolor Info: Model `RGB' extended on input line 1368.
Package xcolor Info: Model `HTML' substituted by `rgb' on input line 1370.
Package xcolor Info: Model `Hsb' substituted by `hsb' on input line 1371.
Package xcolor Info: Model `tHsb' substituted by `hsb' on input line 1372.
Package xcolor Info: Model `HSB' substituted by `hsb' on input line 1373.
Package xcolor Info: Model `Gray' substituted by `gray' on input line 1374.
Package xcolor Info: Model `wave' substituted by `hsb' on input line 1375.
(c:/Users/lucp8407/AppData/Roaming/TinyTeX/texmf-dist/tex/latex/graphics/dvipsnam.def
File: dvipsnam.def 2016/06/17 v3.0m Driver-dependent file (DPC,SPQR)
) (c:/Users/lucp8407/AppData/Roaming/TinyTeX/texmf-dist/tex/latex/xcolor/svgnam.def
File: svgnam.def 2021/10/31 v2.13 Predefined colors according to SVG 1.1 (UK)
)) (c:/Users/lucp8407/AppData/Roaming/TinyTeX/texmf-dist/tex/latex/natbib/natbib.sty
Package: natbib 2010/09/13 8.31b (PWD, AO)
\bibhang=\skip76
\bibsep=\skip77
LaTeX Info: Redefining \cite on input line 694.
\c@NAT@ctr=\count281
) (c:/Users/lucp8407/AppData/Roaming/TinyTeX/texmf-dist/tex/latex/natbib/bibentry.sty
Package: bibentry 2007/10/30 1.5 (PWD)
)
No file textbook.bbl.
\c@@tufte@num@bibkeys=\count282
(c:/Users/lucp8407/AppData/Roaming/TinyTeX/texmf-dist/tex/latex/sauerj/optparams.sty
Package: optparams 2004/08/14 v0.9 multiple optional parameters in macros
)
\@tufte@sidenote@vertical@offset=\skip78
(c:/Users/lucp8407/AppData/Roaming/TinyTeX/texmf-dist/tex/latex/placeins/placeins.sty
Package: placeins 2005/04/18  v 2.2
)
\@tufte@margin@floatbox=\box51
\@tufte@figure@box=\box52
\@tufte@caption@box=\box53
\@tufte@caption@vertical@offset=\skip79
\@tufte@float@contents@width=\skip80
(c:/Users/lucp8407/AppData/Roaming/TinyTeX/texmf-dist/tex/latex/psnfss/mathpazo.sty
Package: mathpazo 2020/03/25 PSNFSS-v9.3 Palatino w/ Pazo Math (D.Puga, WaS) 
\symupright=\mathgroup4
) (c:/Users/lucp8407/AppData/Roaming/TinyTeX/texmf-dist/tex/latex/psnfss/helvet.sty
Package: helvet 2020/03/25 PSNFSS-v9.3 (WaS) 
) (c:/Users/lucp8407/AppData/Roaming/TinyTeX/texmf-dist/tex/latex/bera/beramono.sty
Package: beramono 2004/01/31 (WaS)
) (c:/Users/lucp8407/AppData/Roaming/TinyTeX/texmf-dist/tex/latex/base/fontenc.sty
Package: fontenc 2021/04/29 v2.0v Standard LaTeX package
LaTeX Font Info:    Trying to load font information for T1+pplj on input line 112.
(c:/Users/lucp8407/AppData/Roaming/TinyTeX/texmf-dist/tex/latex/psnfss/t1pplj.fd
File: t1pplj.fd 2004/09/06 font definitions for T1/pplj.
)) (c:/Users/lucp8407/AppData/Roaming/TinyTeX/texmf-dist/tex/latex/base/textcomp.sty
Package: textcomp 2020/02/02 v2.0n Standard LaTeX package
) (c:/Users/lucp8407/AppData/Roaming/TinyTeX/texmf-dist/tex/latex/fancyhdr/fancyhdr.sty
Package: fancyhdr 2021/01/28 v4.0.1 Extensive control of page headers and footers
\f@nch@headwidth=\skip81
\f@nch@O@elh=\skip82
\f@nch@O@erh=\skip83
\f@nch@O@olh=\skip84
\f@nch@O@orh=\skip85
\f@nch@O@elf=\skip86
\f@nch@O@erf=\skip87
\f@nch@O@olf=\skip88
\f@nch@O@orf=\skip89
)
\tufteskipamount=\skip90
(c:/Users/lucp8407/AppData/Roaming/TinyTeX/texmf-dist/tex/latex/tools/multicol.sty
Package: multicol 2021/10/28 v1.9b multicolumn formatting (FMi)
\c@tracingmulticols=\count283
\mult@box=\box54
\multicol@leftmargin=\dimen160
\c@unbalance=\count284
\c@collectmore=\count285
\doublecol@number=\count286
\multicoltolerance=\count287
\multicolpretolerance=\count288
\full@width=\dimen161
\page@free=\dimen162
\premulticols=\dimen163
\postmulticols=\dimen164
\multicolsep=\skip91
\multicolbaselineskip=\skip92
\partial@page=\box55
\last@line=\box56
\maxbalancingoverflow=\dimen165
\mult@rightbox=\box57
\mult@grightbox=\box58
\mult@firstbox=\box59
\mult@gfirstbox=\box60
\@tempa=\box61
\@tempa=\box62
\@tempa=\box63
\@tempa=\box64
\@tempa=\box65
\@tempa=\box66
\@tempa=\box67
\@tempa=\box68
\@tempa=\box69
\@tempa=\box70
\@tempa=\box71
\@tempa=\box72
\@tempa=\box73
\@tempa=\box74
\@tempa=\box75
\@tempa=\box76
\@tempa=\box77
\@tempa=\box78
\@tempa=\box79
\@tempa=\box80
\@tempa=\box81
\@tempa=\box82
\@tempa=\box83
\@tempa=\box84
\@tempa=\box85
\@tempa=\box86
\@tempa=\box87
\@tempa=\box88
\@tempa=\box89
\@tempa=\box90
\@tempa=\box91
\@tempa=\box92
\@tempa=\box93
\@tempa=\box94
\@tempa=\box95
\@tempa=\box96
\c@minrows=\count289
\c@columnbadness=\count290
\c@finalcolumnbadness=\count291
\last@try=\dimen166
\multicolovershoot=\dimen167
\multicolundershoot=\dimen168
\mult@nat@firstbox=\box97
\colbreak@box=\box98
\mc@col@check@num=\count292
))) (c:/Users/lucp8407/AppData/Roaming/TinyTeX/texmf-dist/tex/latex/amsfonts/amssymb.sty
Package: amssymb 2013/01/14 v3.01 AMS font symbols
(c:/Users/lucp8407/AppData/Roaming/TinyTeX/texmf-dist/tex/latex/amsfonts/amsfonts.sty
Package: amsfonts 2013/01/14 v3.01 Basic AMSFonts support
\@emptytoks=\toks21
\symAMSa=\mathgroup5
\symAMSb=\mathgroup6
LaTeX Font Info:    Redeclaring math symbol \hbar on input line 98.
LaTeX Font Info:    Overwriting math alphabet `\mathfrak' in version `bold'
(Font)                  U/euf/m/n --> U/euf/b/n on input line 106.
)) (c:/Users/lucp8407/AppData/Roaming/TinyTeX/texmf-dist/tex/latex/amsmath/amsmath.sty
Package: amsmath 2021/10/15 v2.17l AMS math features
\@mathmargin=\skip93
For additional information on amsmath, use the `?' option.
(c:/Users/lucp8407/AppData/Roaming/TinyTeX/texmf-dist/tex/latex/amsmath/amstext.sty
Package: amstext 2021/08/26 v2.01 AMS text
(c:/Users/lucp8407/AppData/Roaming/TinyTeX/texmf-dist/tex/latex/amsmath/amsgen.sty
File: amsgen.sty 1999/11/30 v2.0 generic functions
\@emptytoks=\toks22
\ex@=\dimen169
)) (c:/Users/lucp8407/AppData/Roaming/TinyTeX/texmf-dist/tex/latex/amsmath/amsbsy.sty
Package: amsbsy 1999/11/29 v1.2d Bold Symbols
\pmbraise@=\dimen170
) (c:/Users/lucp8407/AppData/Roaming/TinyTeX/texmf-dist/tex/latex/amsmath/amsopn.sty
Package: amsopn 2021/08/26 v2.02 operator names
)
\inf@bad=\count293
LaTeX Info: Redefining \frac on input line 234.
\uproot@=\count294
\leftroot@=\count295
LaTeX Info: Redefining \overline on input line 399.
\classnum@=\count296
\DOTSCASE@=\count297
LaTeX Info: Redefining \ldots on input line 496.
LaTeX Info: Redefining \dots on input line 499.
LaTeX Info: Redefining \cdots on input line 620.
\Mathstrutbox@=\box99
\strutbox@=\box100
\big@size=\dimen171
LaTeX Font Info:    Redeclaring font encoding OML on input line 743.
LaTeX Font Info:    Redeclaring font encoding OMS on input line 744.
\macc@depth=\count298
\c@MaxMatrixCols=\count299
\dotsspace@=\muskip17
\c@parentequation=\count300
\dspbrk@lvl=\count301
\tag@help=\toks23
\row@=\count302
\column@=\count303
\maxfields@=\count304
\andhelp@=\toks24
\eqnshift@=\dimen172
\alignsep@=\dimen173
\tagshift@=\dimen174
\tagwidth@=\dimen175
\totwidth@=\dimen176
\lineht@=\dimen177
\@envbody=\toks25
\multlinegap=\skip94
\multlinetaggap=\skip95
\mathdisplay@stack=\toks26
LaTeX Info: Redefining \[ on input line 2938.
LaTeX Info: Redefining \] on input line 2939.
) (c:/Users/lucp8407/AppData/Roaming/TinyTeX/texmf-dist/tex/latex/base/fixltx2e.sty
Package: fixltx2e 2016/12/29 v2.1a fixes to LaTeX (obsolete)
Applying: [2015/01/01] Old fixltx2e package on input line 46.

Package fixltx2e Warning: fixltx2e is not required with releases after 2015
(fixltx2e)                All fixes are now in the LaTeX kernel.
(fixltx2e)                See the latexrelease package for details.

Already applied: [0000/00/00] Old fixltx2e package on input line 53.
) (c:/Users/lucp8407/AppData/Roaming/TinyTeX/texmf-dist/tex/latex/base/fontenc.sty
Package: fontenc 2021/04/29 v2.0v Standard LaTeX package
) (c:/Users/lucp8407/AppData/Roaming/TinyTeX/texmf-dist/tex/latex/base/inputenc.sty
Package: inputenc 2021/02/14 v1.3d Input encoding file
\inpenc@prehook=\toks27
\inpenc@posthook=\toks28
) (c:/Users/lucp8407/AppData/Roaming/TinyTeX/texmf-dist/tex/latex/graphics/graphicx.sty
Package: graphicx 2021/09/16 v1.2d Enhanced LaTeX Graphics (DPC,SPQR)
(c:/Users/lucp8407/AppData/Roaming/TinyTeX/texmf-dist/tex/latex/graphics/graphics.sty
Package: graphics 2021/03/04 v1.4d Standard LaTeX Graphics (DPC,SPQR)
(c:/Users/lucp8407/AppData/Roaming/TinyTeX/texmf-dist/tex/latex/graphics/trig.sty
Package: trig 2021/08/11 v1.11 sin cos tan (DPC)
) (c:/Users/lucp8407/AppData/Roaming/TinyTeX/texmf-dist/tex/latex/graphics-cfg/graphics.cfg
File: graphics.cfg 2016/06/04 v1.11 sample graphics configuration
)
Package graphics Info: Driver file: pdftex.def on input line 107.
)
\Gin@req@height=\dimen178
\Gin@req@width=\dimen179
) (c:/Users/lucp8407/AppData/Roaming/TinyTeX/texmf-dist/tex/latex/booktabs/booktabs.sty
Package: booktabs 2020/01/12 v1.61803398 Publication quality tables
\heavyrulewidth=\dimen180
\lightrulewidth=\dimen181
\cmidrulewidth=\dimen182
\belowrulesep=\dimen183
\belowbottomsep=\dimen184
\aboverulesep=\dimen185
\abovetopsep=\dimen186
\cmidrulesep=\dimen187
\cmidrulekern=\dimen188
\defaultaddspace=\dimen189
\@cmidla=\count305
\@cmidlb=\count306
\@aboverulesep=\dimen190
\@belowrulesep=\dimen191
\@thisruleclass=\count307
\@lastruleclass=\count308
\@thisrulewidth=\dimen192
) (c:/Users/lucp8407/AppData/Roaming/TinyTeX/texmf-dist/tex/latex/units/units.sty
Package: units 1998/08/04 v0.9b Typesetting units
(c:/Users/lucp8407/AppData/Roaming/TinyTeX/texmf-dist/tex/latex/units/nicefrac.sty
Package: nicefrac 1998/08/04 v0.9b Nice fractions
\L@UnitsRaiseDisplaystyle=\skip96
\L@UnitsRaiseTextstyle=\skip97
\L@UnitsRaiseScriptstyle=\skip98
)) (c:/Users/lucp8407/AppData/Roaming/TinyTeX/texmf-dist/tex/latex/tools/longtable.sty
Package: longtable 2021-09-01 v4.17 Multi-page Table package (DPC)
\LTleft=\skip99
\LTright=\skip100
\LTpre=\skip101
\LTpost=\skip102
\LTchunksize=\count309
\LTcapwidth=\dimen193
\LT@head=\box101
\LT@firsthead=\box102
\LT@foot=\box103
\LT@lastfoot=\box104
\LT@gbox=\box105
\LT@cols=\count310
\LT@rows=\count311
\c@LT@tables=\count312
\c@LT@chunks=\count313
\LT@p@ftn=\toks29
) (c:/Users/lucp8407/AppData/Roaming/TinyTeX/texmf-dist/tex/latex/tools/array.sty
Package: array 2021/10/04 v2.5f Tabular extension package (FMi)
\col@sep=\dimen194
\ar@mcellbox=\box106
\extrarowheight=\dimen195
\NC@list=\toks30
\extratabsurround=\skip103
\backup@length=\skip104
\ar@cellbox=\box107
) (c:/Users/lucp8407/AppData/Roaming/TinyTeX/texmf-dist/tex/latex/etoolbox/etoolbox.sty
Package: etoolbox 2020/10/05 v2.5k e-TeX tools for LaTeX (JAW)
\etb@tempcnta=\count314
) (c:/Users/lucp8407/AppData/Roaming/TinyTeX/texmf-dist/tex/latex/mdwtools/footnote.sty
Package: footnote 1997/01/28 1.13 Save footnotes around boxes
\fn@notes=\box108
\fn@width=\dimen196
) (c:/Users/lucp8407/AppData/Roaming/TinyTeX/texmf-dist/tex/generic/ulem/ulem.sty
\UL@box=\box109
\UL@hyphenbox=\box110
\UL@skip=\skip105
\UL@hook=\toks31
\UL@height=\dimen197
\UL@pe=\count315
\UL@pixel=\dimen198
\ULC@box=\box111
Package: ulem 2019/11/18
\ULdepth=\dimen199
) (c:/Users/lucp8407/AppData/Roaming/TinyTeX/texmf-dist/tex/latex/morefloats/morefloats.sty
Package: morefloats 2015/07/22 v1.0h Raise limit of unprocessed floats (HMM)
Package morefloats Info: Maximum number of possible floats asked for: 36
(morefloats)             (i.e. 18 more floats).
(morefloats)             LaTeX might run out of memory before this
(morefloats)             (in which case it will notify you).
)
Package hyperref Info: Option `colorlinks' set `true' on input line 92.
(c:/Users/lucp8407/AppData/Roaming/TinyTeX/texmf-dist/tex/latex/multirow/multirow.sty
Package: multirow 2021/03/15 v2.8 Span multiple rows of a table
\multirow@colwidth=\skip106
\multirow@cntb=\count316
\multirow@dima=\skip107
\bigstrutjot=\dimen256
) (c:/Users/lucp8407/AppData/Roaming/TinyTeX/texmf-dist/tex/latex/wrapfig/wrapfig.sty
\wrapoverhang=\dimen257
\WF@size=\dimen258
\c@WF@wrappedlines=\count317
\WF@box=\box112
\WF@everypar=\toks32
Package: wrapfig 2003/01/31  v 3.6
) (c:/Users/lucp8407/AppData/Roaming/TinyTeX/texmf-dist/tex/latex/float/float.sty
Package: float 2001/11/08 v1.3d Float enhancements (AL)
\c@float@type=\count318
\float@exts=\toks33
\float@box=\box113
\@float@everytoks=\toks34
\@floatcapt=\box114
) (c:/Users/lucp8407/AppData/Roaming/TinyTeX/texmf-dist/tex/latex/colortbl/colortbl.sty
Package: colortbl 2020/01/04 v1.0e Color table columns (DPC)
\everycr=\toks35
\minrowclearance=\skip108
) (c:/Users/lucp8407/AppData/Roaming/TinyTeX/texmf-dist/tex/latex/pdflscape/pdflscape.sty
Package: pdflscape 2019/12/05 v0.12 Display of landscape pages in PDF (HO)
(c:/Users/lucp8407/AppData/Roaming/TinyTeX/texmf-dist/tex/latex/graphics/lscape.sty
Package: lscape 2020/05/28 v3.02 Landscape Pages (DPC)
)
Package pdflscape Info: Auto-detected driver: pdftex on input line 81.
) (c:/Users/lucp8407/AppData/Roaming/TinyTeX/texmf-dist/tex/latex/tabu/tabu.sty
Package: tabu 2019/01/11 v2.9 - flexible LaTeX tabulars (FC+tabu-fixed)
(c:/Users/lucp8407/AppData/Roaming/TinyTeX/texmf-dist/tex/latex/varwidth/varwidth.sty
Package: varwidth 2009/03/30 ver 0.92;  Variable-width minipages
\@vwid@box=\box115
\sift@deathcycles=\count319
\@vwid@loff=\dimen259
\@vwid@roff=\dimen260
)
\c@taburow=\count320
\tabu@nbcols=\count321
\tabu@cnt=\count322
\tabu@Xcol=\count323
\tabu@alloc=\count324
\tabu@nested=\count325
\tabu@target=\dimen261
\tabu@spreadtarget=\dimen262
\tabu@naturalX=\dimen263
\tabucolX=\dimen264
\tabu@Xsum=\dimen265
\extrarowdepth=\dimen266
\abovetabulinesep=\dimen267
\belowtabulinesep=\dimen268
\tabustrutrule=\dimen269
\tabu@thebody=\toks36
\tabu@footnotes=\toks37
\tabu@box=\box116
\tabu@arstrutbox=\box117
\tabu@hleads=\box118
\tabu@vleads=\box119
\tabu@cellskip=\skip109
) (c:/Users/lucp8407/AppData/Roaming/TinyTeX/texmf-dist/tex/latex/threeparttable/threeparttable.sty
Package: threeparttable 2003/06/13  v 3.0
\@tempboxb=\box120
) (c:/Users/lucp8407/AppData/Roaming/TinyTeX/texmf-dist/tex/latex/threeparttablex/threeparttablex.sty
Package: threeparttablex 2013/07/23 v0.3 by daleif
(c:/Users/lucp8407/AppData/Roaming/TinyTeX/texmf-dist/tex/latex/environ/environ.sty
Package: environ 2014/05/04 v0.3 A new way to define environments
(c:/Users/lucp8407/AppData/Roaming/TinyTeX/texmf-dist/tex/latex/trimspaces/trimspaces.sty
Package: trimspaces 2009/09/17 v1.1 Trim spaces around a token list
))
\TPTL@width=\skip110
) (c:/Users/lucp8407/AppData/Roaming/TinyTeX/texmf-dist/tex/latex/makecell/makecell.sty
Package: makecell 2009/08/03 V0.1e Managing of Tab Column Heads and Cells
\rotheadsize=\dimen270
\c@nlinenum=\count326
\TeXr@lab=\toks38
) (c:/Users/lucp8407/AppData/Roaming/TinyTeX/texmf-dist/tex/latex/l3backend/l3backend-pdftex.def
File: l3backend-pdftex.def 2022-02-07 L3 backend support: PDF output (pdfTeX)
\l__color_backend_stack_int=\count327
\l__pdf_internal_box=\box121
) (./textbook.aux)
\openout1 = `textbook.aux'.

LaTeX Font Info:    Checking defaults for OML/cmm/m/it on input line 108.
LaTeX Font Info:    ... okay on input line 108.
LaTeX Font Info:    Checking defaults for OMS/cmsy/m/n on input line 108.
LaTeX Font Info:    ... okay on input line 108.
LaTeX Font Info:    Checking defaults for OT1/cmr/m/n on input line 108.
LaTeX Font Info:    ... okay on input line 108.
LaTeX Font Info:    Checking defaults for T1/cmr/m/n on input line 108.
LaTeX Font Info:    ... okay on input line 108.
LaTeX Font Info:    Checking defaults for TS1/cmr/m/n on input line 108.
LaTeX Font Info:    ... okay on input line 108.
LaTeX Font Info:    Checking defaults for OMX/cmex/m/n on input line 108.
LaTeX Font Info:    ... okay on input line 108.
LaTeX Font Info:    Checking defaults for U/cmr/m/n on input line 108.
LaTeX Font Info:    ... okay on input line 108.
LaTeX Font Info:    Checking defaults for PD1/pdf/m/n on input line 108.
LaTeX Font Info:    ... okay on input line 108.
LaTeX Font Info:    Checking defaults for PU/pdf/m/n on input line 108.
LaTeX Font Info:    ... okay on input line 108.
Package hyperref Info: Link coloring ON on input line 108.
(c:/Users/lucp8407/AppData/Roaming/TinyTeX/texmf-dist/tex/latex/hyperref/nameref.sty
Package: nameref 2021-04-02 v2.47 Cross-referencing by name of section
(c:/Users/lucp8407/AppData/Roaming/TinyTeX/texmf-dist/tex/latex/refcount/refcount.sty
Package: refcount 2019/12/15 v3.6 Data extraction from label references (HO)
) (c:/Users/lucp8407/AppData/Roaming/TinyTeX/texmf-dist/tex/generic/gettitlestring/gettitlestring.sty
Package: gettitlestring 2019/12/15 v1.6 Cleanup title references (HO)
)
\c@section@level=\count328
)
LaTeX Info: Redefining \ref on input line 108.
LaTeX Info: Redefining \pageref on input line 108.
LaTeX Info: Redefining \nameref on input line 108.
(./textbook.out) (./textbook.out)
\@outlinefile=\write3
\openout3 = `textbook.out'.

*geometry* driver: auto-detecting
*geometry* detected driver: pdftex
*geometry* verbose mode - [ preamble ] result:
* driver: pdftex
* paper: letterpaper
* layout: <same size as paper>
* layoutoffset:(h,v)=(0.0pt,0.0pt)
* modes: twoside asymmetric 
* h-part:(L,W,R)=(72.26999pt, 312.0pt, 230.02501pt)
* v-part:(T,H,B)=(72.26999pt, 616.0pt, 106.7pt)
* \paperwidth=614.295pt
* \paperheight=794.96999pt
* \textwidth=312.0pt
* \textheight=616.0pt
* \oddsidemargin=0.0pt
* \evensidemargin=0.0pt
* \topmargin=-42.0pt
* \headheight=14.0pt
* \headsep=28.0pt
* \topskip=10.0pt
* \footskip=25.29494pt
* \marginparwidth=144.0pt
* \marginparsep=24.0pt
* \columnsep=10.0pt
* \skip\footins=9.0pt plus 4.0pt minus 2.0pt
* \hoffset=0.0pt
* \voffset=0.0pt
* \mag=1000
* \@twocolumnfalse
* \@twosidetrue
* \@mparswitchfalse
* \@reversemarginfalse
* (1in=72.27pt=25.4mm, 1cm=28.453pt)

\langwohyphens=\language3
(c:/Users/lucp8407/AppData/Roaming/TinyTeX/texmf-dist/tex/latex/epstopdf-pkg/epstopdf-base.sty
Package: epstopdf-base 2020-01-24 v2.11 Base part for package epstopdf
Package epstopdf-base Info: Redefining graphics rule for `.eps' on input line 485.
(c:/Users/lucp8407/AppData/Roaming/TinyTeX/texmf-dist/tex/latex/latexconfig/epstopdf-sys.cfg
File: epstopdf-sys.cfg 2010/07/13 v1.3 Configuration of (r)epstopdf for TeX Live
))
LaTeX Font Info:    Trying to load font information for T1+phv on input line 110.
(c:/Users/lucp8407/AppData/Roaming/TinyTeX/texmf-dist/tex/latex/psnfss/t1phv.fd
File: t1phv.fd 2020/03/25 scalable font definitions for T1/phv.
)
LaTeX Font Info:    Font shape `T1/phv/m/n' will be
(Font)              scaled to size 8.99994pt on input line 110.
LaTeX Font Info:    Font shape `T1/phv/m/n' will be
(Font)              scaled to size 16.19989pt on input line 110.
LaTeX Font Info:    Font shape `T1/phv/m/n' will be
(Font)              scaled to size 32.39978pt on input line 110.

Overfull \hbox (23.6571pt too wide) in paragraph at lines 110--110
\T1/phv/m/n/36/200ls SCRIP-TIEVE DATA ANAL- 
 []

LaTeX Font Info:    Font shape `T1/phv/m/n' will be
(Font)              scaled to size 12.59991pt on input line 110.
[1


{c:/Users/lucp8407/AppData/Roaming/TinyTeX/texmf-var/fonts/map/pdftex/updmap/pdftex.map}] [2


] (./textbook.toc)
\tf@toc=\write4
\openout4 = `textbook.toc'.

[3] [4

]

Package hyperref Warning: The anchor of a bookmark and its parent's must not
(hyperref)                be the same. Added a new anchor on input line 127.

LaTeX Font Info:    Trying to load font information for TS1+pplj on input line 134.
(c:/Users/lucp8407/AppData/Roaming/TinyTeX/texmf-dist/tex/latex/psnfss/ts1pplj.fd
File: ts1pplj.fd 2004/09/06 font definitions for TS1/pplj.
) [5] [6]
Chapter 1.

Underfull \vbox (badness 2050) has occurred while \output is active []

[7

]
Overfull \hbox (6.63979pt too wide) in paragraph at lines 228--229
[]\T1/pplj/m/n/10 Zijn er pro-ducten in ons gamma die gevoelig zijn voor seizoensef- 
 []

[8]
Overfull \hbox (6.03975pt too wide) in paragraph at lines 292--293
\T1/pplj/m/n/10 Deze kun-nen we on-derverde-len in vol-gende cat-e-gorieën: Geschiede- 
 []

[9] [10] [11] [12] [13] [14]
Overfull \hbox (7.61981pt too wide) in paragraph at lines 675--676
[]\T1/pplj/m/n/10 Volgens stud-ies zal het dig-i-taal uni-ver-sum in 2035 uit 2142 Zetabytes 
 []

[15] [16] [17]
LaTeX Font Info:    Trying to load font information for T1+fvm on input line 951.
(c:/Users/lucp8407/AppData/Roaming/TinyTeX/texmf-dist/tex/latex/bera/t1fvm.fd
File: t1fvm.fd 2004/09/07 scalable font definitions for T1/fvm.
)
LaTeX Font Info:    Font shape `T1/fvm/m/n' will be
(Font)              scaled to size 8.50006pt on input line 951.
LaTeX Font Info:    Trying to load font information for OT1+pplx on input line 951.
(c:/Users/lucp8407/AppData/Roaming/TinyTeX/texmf-dist/tex/latex/psnfss/ot1pplx.fd
File: ot1pplx.fd 2004/09/06 font definitions for OT1/pplx.
)
LaTeX Font Info:    Trying to load font information for OML+zplm on input line 951.
(c:/Users/lucp8407/AppData/Roaming/TinyTeX/texmf-dist/tex/latex/psnfss/omlzplm.fd
File: omlzplm.fd 2002/09/08 Fontinst v1.914 font definitions for OML/zplm.
)
LaTeX Font Info:    Trying to load font information for OMS+zplm on input line 951.
(c:/Users/lucp8407/AppData/Roaming/TinyTeX/texmf-dist/tex/latex/psnfss/omszplm.fd
File: omszplm.fd 2002/09/08 Fontinst v1.914 font definitions for OMS/zplm.
)
LaTeX Font Info:    Trying to load font information for OMX+zplm on input line 951.
(c:/Users/lucp8407/AppData/Roaming/TinyTeX/texmf-dist/tex/latex/psnfss/omxzplm.fd
File: omxzplm.fd 2002/09/08 Fontinst v1.914 font definitions for OMX/zplm.
)
LaTeX Font Info:    Trying to load font information for OT1+zplm on input line 951.
(c:/Users/lucp8407/AppData/Roaming/TinyTeX/texmf-dist/tex/latex/psnfss/ot1zplm.fd
File: ot1zplm.fd 2002/09/08 Fontinst v1.914 font definitions for OT1/zplm.
)
LaTeX Font Info:    Font shape `U/msa/m/n' will be
(Font)              scaled to size 10.42007pt on input line 951.
LaTeX Font Info:    Font shape `U/msa/m/n' will be
(Font)              scaled to size 7.91925pt on input line 951.
LaTeX Font Info:    Font shape `U/msa/m/n' will be
(Font)              scaled to size 6.25204pt on input line 951.
LaTeX Font Info:    Font shape `U/msb/m/n' will be
(Font)              scaled to size 10.42007pt on input line 951.
LaTeX Font Info:    Font shape `U/msb/m/n' will be
(Font)              scaled to size 7.91925pt on input line 951.
LaTeX Font Info:    Font shape `U/msb/m/n' will be
(Font)              scaled to size 6.25204pt on input line 951.
[18]
Overfull \hbox (8.37976pt too wide) in paragraph at lines 1001--1003
\T1/pplj/m/n/10 beves-tigd tegen de muur. De meet-lat heeft een nauwkeurigheid 
 []

LaTeX Font Info:    Font shape `U/msa/m/n' will be
(Font)              scaled to size 5.21004pt on input line 1043.
LaTeX Font Info:    Font shape `U/msb/m/n' will be
(Font)              scaled to size 5.21004pt on input line 1043.
[19] [20] [21] [22]
Chapter 2.

Overfull \hbox (107.59686pt too wide) in paragraph at lines 1340--1340
[]\T1/fvm/m/n/10 ## $ luchthaven          <fct> EWR, LGA, JFK, LGA, EWR, EWR, LGA, JFK, LGA, JFK, ~[] 
 []


Overfull \hbox (107.59686pt too wide) in paragraph at lines 1340--1340
[]\T1/fvm/m/n/10 ## $ maatschappij        <chr> "United Air Lines Inc.", "United Air Lines Inc.", ~[] 
 []


Overfull \hbox (107.59686pt too wide) in paragraph at lines 1340--1340
[]\T1/fvm/m/n/10 ## $ datum               <dttm> 2013-01-01 05:15:00, 2013-01-01 05:29:00, 2013-01~[] 
 []


Overfull \hbox (107.59686pt too wide) in paragraph at lines 1340--1340
[]\T1/fvm/m/n/10 ## $ vertrek_vertraging  <dbl> 2, 4, 2, -6, -4, -5, -3, -3, -2, -2, -2, -2, -2, -~[] 
 []


Overfull \hbox (107.59686pt too wide) in paragraph at lines 1340--1340
[]\T1/fvm/m/n/10 ## $ aankomst_vertraging <dbl> 11, 20, 33, -25, 12, 19, -14, -8, 8, -2, -3, 7, -1~[] 
 []


Overfull \hbox (107.59686pt too wide) in paragraph at lines 1340--1340
[]\T1/fvm/m/n/10 ## $ afstand             <dbl> 1400, 1416, 1089, 762, 719, 1065, 229, 944, 733, 1~[] 
 []


Overfull \hbox (107.59686pt too wide) in paragraph at lines 1340--1340
[]\T1/fvm/m/n/10 ## $ vliegtijd           <dbl> 227, 227, 160, 116, 150, 158, 53, 140, 138, 149, 1~[] 
 []


Underfull \vbox (badness 2119) has occurred while \output is active []

[23

]
Overfull \hbox (11.86977pt too wide) in paragraph at lines 1407--1409
[]\T1/pplj/m/n/10 Continuity: el-e-menten op één lijn, of el-e-menten die elkaar voorzetten, 
 []

[24]
Overfull \hbox (3.25981pt too wide) in paragraph at lines 1424--1426
[]\T1/pplj/m/n/10 Availability: makke-li-jker toe-ganke-li-jke in-for-matie wordt beschouwd 
 []

[25]
<textbook_files/figure-latex/2-3a-1.pdf, id=311, 433.62pt x 259.97125pt>
File: textbook_files/figure-latex/2-3a-1.pdf Graphic file (type pdf)
<use textbook_files/figure-latex/2-3a-1.pdf>
Package pdftex.def Info: textbook_files/figure-latex/2-3a-1.pdf  used on input line 1483.
(pdftex.def)             Requested size: 312.01428pt x 187.06412pt.

Underfull \hbox (badness 10000) in paragraph at lines 1483--1484

 []

<textbook_files/figure-latex/2-3b-1.pdf, id=313, 433.62pt x 259.97125pt>
File: textbook_files/figure-latex/2-3b-1.pdf Graphic file (type pdf)
<use textbook_files/figure-latex/2-3b-1.pdf>
Package pdftex.def Info: textbook_files/figure-latex/2-3b-1.pdf  used on input line 1493.
(pdftex.def)             Requested size: 312.01428pt x 187.06412pt.

Underfull \hbox (badness 10000) in paragraph at lines 1493--1494

 []

<textbook_files/figure-latex/2-3c-1.pdf, id=315, 433.62pt x 259.97125pt>
File: textbook_files/figure-latex/2-3c-1.pdf Graphic file (type pdf)
<use textbook_files/figure-latex/2-3c-1.pdf>
Package pdftex.def Info: textbook_files/figure-latex/2-3c-1.pdf  used on input line 1503.
(pdftex.def)             Requested size: 312.01428pt x 187.06412pt.

Underfull \hbox (badness 10000) in paragraph at lines 1503--1504

 []

<textbook_files/figure-latex/2-3d-1.pdf, id=317, 433.62pt x 259.97125pt>
File: textbook_files/figure-latex/2-3d-1.pdf Graphic file (type pdf)
<use textbook_files/figure-latex/2-3d-1.pdf>
Package pdftex.def Info: textbook_files/figure-latex/2-3d-1.pdf  used on input line 1521.
(pdftex.def)             Requested size: 312.01428pt x 187.06412pt.

Underfull \hbox (badness 10000) in paragraph at lines 1521--1522

 []

[26 <./textbook_files/figure-latex/2-3a-1.pdf>] [27 <./textbook_files/figure-latex/2-3b-1.pdf> <./textbook_files/figure-latex/2-3c-1.pdf>]
<textbook_files/figure-latex/2-3e-1.pdf, id=350, 433.62pt x 259.97125pt>
File: textbook_files/figure-latex/2-3e-1.pdf Graphic file (type pdf)
<use textbook_files/figure-latex/2-3e-1.pdf>
Package pdftex.def Info: textbook_files/figure-latex/2-3e-1.pdf  used on input line 1540.
(pdftex.def)             Requested size: 312.01428pt x 187.06412pt.

Underfull \hbox (badness 10000) in paragraph at lines 1540--1541

 []

[28 <./textbook_files/figure-latex/2-3d-1.pdf> <./textbook_files/figure-latex/2-3e-1.pdf>]
<textbook_files/figure-latex/2-5a-1.pdf, id=370, 433.62pt x 259.97125pt>
File: textbook_files/figure-latex/2-5a-1.pdf Graphic file (type pdf)
<use textbook_files/figure-latex/2-5a-1.pdf>
Package pdftex.def Info: textbook_files/figure-latex/2-5a-1.pdf  used on input line 1553.
(pdftex.def)             Requested size: 312.01428pt x 187.06412pt.

Underfull \hbox (badness 10000) in paragraph at lines 1553--1554

 []

<textbook_files/figure-latex/2-5b-1.pdf, id=372, 433.62pt x 259.97125pt>
File: textbook_files/figure-latex/2-5b-1.pdf Graphic file (type pdf)
<use textbook_files/figure-latex/2-5b-1.pdf>
Package pdftex.def Info: textbook_files/figure-latex/2-5b-1.pdf  used on input line 1560.
(pdftex.def)             Requested size: 312.01428pt x 187.06412pt.

Underfull \hbox (badness 10000) in paragraph at lines 1560--1561

 []

[29 <./textbook_files/figure-latex/2-5a-1.pdf> <./textbook_files/figure-latex/2-5b-1.pdf>]
<textbook_files/figure-latex/2-6a-1.pdf, id=392, 289.08pt x 289.08pt>
File: textbook_files/figure-latex/2-6a-1.pdf Graphic file (type pdf)
<use textbook_files/figure-latex/2-6a-1.pdf>
Package pdftex.def Info: textbook_files/figure-latex/2-6a-1.pdf  used on input line 1578.
(pdftex.def)             Requested size: 218.39742pt x 218.39742pt.
<textbook_files/figure-latex/2-6b-1.pdf, id=394, 433.62pt x 172.645pt>
File: textbook_files/figure-latex/2-6b-1.pdf Graphic file (type pdf)
<use textbook_files/figure-latex/2-6b-1.pdf>
Package pdftex.def Info: textbook_files/figure-latex/2-6b-1.pdf  used on input line 1592.
(pdftex.def)             Requested size: 312.01428pt x 124.22789pt.

Underfull \hbox (badness 10000) in paragraph at lines 1592--1593

 []

[30 <./textbook_files/figure-latex/2-6a-1.pdf> <./textbook_files/figure-latex/2-6b-1.pdf>]
<textbook_files/figure-latex/2-7a-1.pdf, id=414, 433.62pt x 259.97125pt>
File: textbook_files/figure-latex/2-7a-1.pdf Graphic file (type pdf)
<use textbook_files/figure-latex/2-7a-1.pdf>
Package pdftex.def Info: textbook_files/figure-latex/2-7a-1.pdf  used on input line 1639.
(pdftex.def)             Requested size: 312.01428pt x 187.06412pt.

Underfull \hbox (badness 10000) in paragraph at lines 1639--1640

 []

[31 <./textbook_files/figure-latex/2-7a-1.pdf>]
<textbook_files/figure-latex/2-7b-1.pdf, id=434, 433.62pt x 259.97125pt>
File: textbook_files/figure-latex/2-7b-1.pdf Graphic file (type pdf)
<use textbook_files/figure-latex/2-7b-1.pdf>
Package pdftex.def Info: textbook_files/figure-latex/2-7b-1.pdf  used on input line 1661.
(pdftex.def)             Requested size: 312.01428pt x 187.06412pt.

Underfull \hbox (badness 10000) in paragraph at lines 1661--1662

 []

<textbook_files/figure-latex/2-7c-1.pdf, id=435, 433.62pt x 259.97125pt>
File: textbook_files/figure-latex/2-7c-1.pdf Graphic file (type pdf)
<use textbook_files/figure-latex/2-7c-1.pdf>
Package pdftex.def Info: textbook_files/figure-latex/2-7c-1.pdf  used on input line 1665.
(pdftex.def)             Requested size: 312.01428pt x 187.06412pt.

Underfull \hbox (badness 10000) in paragraph at lines 1665--1666

 []

<textbook_files/figure-latex/2-density-1.pdf, id=437, 433.62pt x 259.97125pt>
File: textbook_files/figure-latex/2-density-1.pdf Graphic file (type pdf)
<use textbook_files/figure-latex/2-density-1.pdf>
Package pdftex.def Info: textbook_files/figure-latex/2-density-1.pdf  used on input line 1686.
(pdftex.def)             Requested size: 312.01428pt x 187.06412pt.

Underfull \hbox (badness 10000) in paragraph at lines 1686--1687

 []

[32 <./textbook_files/figure-latex/2-7b-1.pdf> <./textbook_files/figure-latex/2-7c-1.pdf>]
<textbook_files/figure-latex/2-8-1.pdf, id=456, 289.08pt x 289.08pt>
File: textbook_files/figure-latex/2-8-1.pdf Graphic file (type pdf)
<use textbook_files/figure-latex/2-8-1.pdf>
Package pdftex.def Info: textbook_files/figure-latex/2-8-1.pdf  used on input line 1708.
(pdftex.def)             Requested size: 218.39742pt x 218.39742pt.
[33 <./textbook_files/figure-latex/2-density-1.pdf>]
<textbook_files/figure-latex/2-9-1.pdf, id=470, 433.62pt x 86.3225pt>
File: textbook_files/figure-latex/2-9-1.pdf Graphic file (type pdf)
<use textbook_files/figure-latex/2-9-1.pdf>
Package pdftex.def Info: textbook_files/figure-latex/2-9-1.pdf  used on input line 1744.
(pdftex.def)             Requested size: 312.01428pt x 62.11394pt.

Underfull \hbox (badness 10000) in paragraph at lines 1744--1745

 []


Overfull \hbox (26.95976pt too wide) in paragraph at lines 1757--1759
[]\T1/pplj/m/n/10 Opnieuw kan je er-voor kiezen de grafiek te roteren. (Fig. @ref(fig:2_10b))  
 []

[34 <./textbook_files/figure-latex/2-8-1.pdf> <./textbook_files/figure-latex/2-9-1.pdf>]
<textbook_files/figure-latex/2-10a-1.pdf, id=488, 289.08pt x 289.08pt>
File: textbook_files/figure-latex/2-10a-1.pdf Graphic file (type pdf)
<use textbook_files/figure-latex/2-10a-1.pdf>
Package pdftex.def Info: textbook_files/figure-latex/2-10a-1.pdf  used on input line 1768.
(pdftex.def)             Requested size: 218.39742pt x 218.39742pt.
<textbook_files/figure-latex/2-10b-1.pdf, id=489, 433.62pt x 86.3225pt>
File: textbook_files/figure-latex/2-10b-1.pdf Graphic file (type pdf)
<use textbook_files/figure-latex/2-10b-1.pdf>
Package pdftex.def Info: textbook_files/figure-latex/2-10b-1.pdf  used on input line 1776.
(pdftex.def)             Requested size: 312.01428pt x 62.11394pt.

Underfull \hbox (badness 10000) in paragraph at lines 1776--1777

 []

<textbook_files/figure-latex/2-jitter-1.pdf, id=491, 144.54pt x 289.08pt>
File: textbook_files/figure-latex/2-jitter-1.pdf Graphic file (type pdf)
<use textbook_files/figure-latex/2-jitter-1.pdf>
Package pdftex.def Info: textbook_files/figure-latex/2-jitter-1.pdf  used on input line 1793.
(pdftex.def)             Requested size: 74.88112pt x 149.76225pt.
<textbook_files/figure-latex/2-jitter-2.pdf, id=492, 144.54pt x 289.08pt>
File: textbook_files/figure-latex/2-jitter-2.pdf Graphic file (type pdf)
<use textbook_files/figure-latex/2-jitter-2.pdf>
Package pdftex.def Info: textbook_files/figure-latex/2-jitter-2.pdf  used on input line 1793.
(pdftex.def)             Requested size: 74.88112pt x 149.76225pt.
<textbook_files/figure-latex/2-jitter-3.pdf, id=493, 144.54pt x 289.08pt>
File: textbook_files/figure-latex/2-jitter-3.pdf Graphic file (type pdf)
<use textbook_files/figure-latex/2-jitter-3.pdf>
Package pdftex.def Info: textbook_files/figure-latex/2-jitter-3.pdf  used on input line 1793.
(pdftex.def)             Requested size: 74.88112pt x 149.76225pt.
<textbook_files/figure-latex/2-jitter-4.pdf, id=494, 144.54pt x 289.08pt>
File: textbook_files/figure-latex/2-jitter-4.pdf Graphic file (type pdf)
<use textbook_files/figure-latex/2-jitter-4.pdf>
Package pdftex.def Info: textbook_files/figure-latex/2-jitter-4.pdf  used on input line 1793.
(pdftex.def)             Requested size: 74.88112pt x 149.76225pt.
LaTeX Font Info:    Font shape `U/msa/m/n' will be
(Font)              scaled to size 8.33606pt on input line 1802.
LaTeX Font Info:    Font shape `U/msb/m/n' will be
(Font)              scaled to size 8.33606pt on input line 1802.

LaTeX Warning: Marginpar on page 35 moved.

[35 <./textbook_files/figure-latex/2-10a-1.pdf> <./textbook_files/figure-latex/2-10b-1.pdf>]
<textbook_files/figure-latex/2-12a-1.pdf, id=517, 433.62pt x 259.97125pt>
File: textbook_files/figure-latex/2-12a-1.pdf Graphic file (type pdf)
<use textbook_files/figure-latex/2-12a-1.pdf>
Package pdftex.def Info: textbook_files/figure-latex/2-12a-1.pdf  used on input line 1829.
(pdftex.def)             Requested size: 312.01428pt x 187.06412pt.

Underfull \hbox (badness 10000) in paragraph at lines 1829--1830

 []

<textbook_files/figure-latex/2-12b-1.pdf, id=519, 433.62pt x 259.97125pt>
File: textbook_files/figure-latex/2-12b-1.pdf Graphic file (type pdf)
<use textbook_files/figure-latex/2-12b-1.pdf>
Package pdftex.def Info: textbook_files/figure-latex/2-12b-1.pdf  used on input line 1839.
(pdftex.def)             Requested size: 312.01428pt x 187.06412pt.

Underfull \hbox (badness 10000) in paragraph at lines 1839--1840

 []

<textbook_files/figure-latex/2-12c-1.pdf, id=521, 433.62pt x 259.97125pt>
File: textbook_files/figure-latex/2-12c-1.pdf Graphic file (type pdf)
<use textbook_files/figure-latex/2-12c-1.pdf>
Package pdftex.def Info: textbook_files/figure-latex/2-12c-1.pdf  used on input line 1855.
(pdftex.def)             Requested size: 312.01428pt x 187.06412pt.

Underfull \hbox (badness 10000) in paragraph at lines 1855--1856

 []

<textbook_files/figure-latex/2-12d-1.pdf, id=524, 433.62pt x 259.97125pt>
File: textbook_files/figure-latex/2-12d-1.pdf Graphic file (type pdf)
<use textbook_files/figure-latex/2-12d-1.pdf>
Package pdftex.def Info: textbook_files/figure-latex/2-12d-1.pdf  used on input line 1867.
(pdftex.def)             Requested size: 312.01428pt x 187.06412pt.

Underfull \hbox (badness 10000) in paragraph at lines 1867--1868

 []

<textbook_files/figure-latex/2-12e-1.pdf, id=525, 433.62pt x 259.97125pt>
File: textbook_files/figure-latex/2-12e-1.pdf Graphic file (type pdf)
<use textbook_files/figure-latex/2-12e-1.pdf>
Package pdftex.def Info: textbook_files/figure-latex/2-12e-1.pdf  used on input line 1871.
(pdftex.def)             Requested size: 312.01428pt x 187.06412pt.
<textbook_files/figure-latex/2-12e-2.pdf, id=526, 433.62pt x 259.97125pt>
File: textbook_files/figure-latex/2-12e-2.pdf Graphic file (type pdf)
<use textbook_files/figure-latex/2-12e-2.pdf>
Package pdftex.def Info: textbook_files/figure-latex/2-12e-2.pdf  used on input line 1871.
(pdftex.def)             Requested size: 312.01428pt x 187.06412pt.

Underfull \hbox (badness 10000) in paragraph at lines 1871--1872

 []

[36 <./textbook_files/figure-latex/2-jitter-1.pdf> <./textbook_files/figure-latex/2-jitter-2.pdf> <./textbook_files/figure-latex/2-jitter-3.pdf> <./textbook_files/figure-latex/2-jitter-4.pdf>] [37 <./textbook_files/figure-latex/2-12a-1.pdf> <./textbook_files/figure-latex/2-12b-1.pdf>] [38 <./textbook_files/figure-latex/2-12c-1.pdf> <./textbook_files/figure-latex/2-12d-1.pdf>] [39 <./textbook_files/figure-latex/2-12e-1.pdf> <./textbook_files/figure-latex/2-12e-2.pdf>]
<textbook_files/figure-latex/2-13a-1.pdf, id=605, 433.62pt x 259.97125pt>
File: textbook_files/figure-latex/2-13a-1.pdf Graphic file (type pdf)
<use textbook_files/figure-latex/2-13a-1.pdf>
Package pdftex.def Info: textbook_files/figure-latex/2-13a-1.pdf  used on input line 1883.
(pdftex.def)             Requested size: 312.01428pt x 187.06412pt.

Underfull \hbox (badness 10000) in paragraph at lines 1883--1884

 []

<textbook_files/figure-latex/2-13b-1.pdf, id=606, 433.62pt x 259.97125pt>
File: textbook_files/figure-latex/2-13b-1.pdf Graphic file (type pdf)
<use textbook_files/figure-latex/2-13b-1.pdf>
Package pdftex.def Info: textbook_files/figure-latex/2-13b-1.pdf  used on input line 1893.
(pdftex.def)             Requested size: 312.01428pt x 187.06412pt.

Underfull \hbox (badness 10000) in paragraph at lines 1893--1894

 []

[40 <./textbook_files/figure-latex/2-13a-1.pdf> <./textbook_files/figure-latex/2-13b-1.pdf>]
<textbook_files/figure-latex/unnamed-chunk-7-1.pdf, id=623, 433.62pt x 259.97125pt>
File: textbook_files/figure-latex/unnamed-chunk-7-1.pdf Graphic file (type pdf)
<use textbook_files/figure-latex/unnamed-chunk-7-1.pdf>
Package pdftex.def Info: textbook_files/figure-latex/unnamed-chunk-7-1.pdf  used on input line 1908.
(pdftex.def)             Requested size: 312.01428pt x 187.06412pt.

Overfull \hbox (12.01428pt too wide) in paragraph at lines 1908--1909
[][]  
 []

<textbook_files/figure-latex/unnamed-chunk-8-1.pdf, id=624, 433.62pt x 259.97125pt>
File: textbook_files/figure-latex/unnamed-chunk-8-1.pdf Graphic file (type pdf)
<use textbook_files/figure-latex/unnamed-chunk-8-1.pdf>
Package pdftex.def Info: textbook_files/figure-latex/unnamed-chunk-8-1.pdf  used on input line 1916.
(pdftex.def)             Requested size: 312.01428pt x 187.06412pt.

Overfull \hbox (12.01428pt too wide) in paragraph at lines 1916--1917
[][]  
 []

<textbook_files/figure-latex/unnamed-chunk-9-1.pdf, id=625, 433.62pt x 259.97125pt>
File: textbook_files/figure-latex/unnamed-chunk-9-1.pdf Graphic file (type pdf)
<use textbook_files/figure-latex/unnamed-chunk-9-1.pdf>
Package pdftex.def Info: textbook_files/figure-latex/unnamed-chunk-9-1.pdf  used on input line 1921.
(pdftex.def)             Requested size: 312.01428pt x 187.06412pt.
<textbook_files/figure-latex/unnamed-chunk-9-2.pdf, id=626, 433.62pt x 259.97125pt>
File: textbook_files/figure-latex/unnamed-chunk-9-2.pdf Graphic file (type pdf)
<use textbook_files/figure-latex/unnamed-chunk-9-2.pdf>
Package pdftex.def Info: textbook_files/figure-latex/unnamed-chunk-9-2.pdf  used on input line 1921.
(pdftex.def)             Requested size: 312.01428pt x 187.06412pt.

Underfull \hbox (badness 10000) in paragraph at lines 1921--1922

 []

<textbook_files/figure-latex/treemap-1.pdf, id=628, 433.62pt x 259.97125pt>
File: textbook_files/figure-latex/treemap-1.pdf Graphic file (type pdf)
<use textbook_files/figure-latex/treemap-1.pdf>
Package pdftex.def Info: textbook_files/figure-latex/treemap-1.pdf  used on input line 1933.
(pdftex.def)             Requested size: 312.01428pt x 187.06412pt.

Underfull \hbox (badness 10000) in paragraph at lines 1933--1934

 []

<textbook_files/figure-latex/mosaic-1.pdf, id=630, 433.62pt x 259.97125pt>
File: textbook_files/figure-latex/mosaic-1.pdf Graphic file (type pdf)
<use textbook_files/figure-latex/mosaic-1.pdf>
Package pdftex.def Info: textbook_files/figure-latex/mosaic-1.pdf  used on input line 1943.
(pdftex.def)             Requested size: 312.01428pt x 187.06412pt.

Underfull \hbox (badness 10000) in paragraph at lines 1943--1944

 []

[41 <./textbook_files/figure-latex/unnamed-chunk-7-1.pdf> <./textbook_files/figure-latex/unnamed-chunk-8-1.pdf>] [42 <./textbook_files/figure-latex/unnamed-chunk-9-1.pdf> <./textbook_files/figure-latex/unnamed-chunk-9-2.pdf> <./textbook_files/figure-latex/treemap-1.pdf>]
<textbook_files/figure-latex/213c-1.pdf, id=698, 433.62pt x 259.97125pt>
File: textbook_files/figure-latex/213c-1.pdf Graphic file (type pdf)
<use textbook_files/figure-latex/213c-1.pdf>
Package pdftex.def Info: textbook_files/figure-latex/213c-1.pdf  used on input line 1960.
(pdftex.def)             Requested size: 312.01428pt x 187.06412pt.

Underfull \hbox (badness 10000) in paragraph at lines 1960--1961

 []

[43 <./textbook_files/figure-latex/mosaic-1.pdf> <./textbook_files/figure-latex/213c-1.pdf>]
<textbook_files/figure-latex/2-13d-1.pdf, id=719, 433.62pt x 259.97125pt>
File: textbook_files/figure-latex/2-13d-1.pdf Graphic file (type pdf)
<use textbook_files/figure-latex/2-13d-1.pdf>
Package pdftex.def Info: textbook_files/figure-latex/2-13d-1.pdf  used on input line 1970.
(pdftex.def)             Requested size: 312.01428pt x 187.06412pt.

Underfull \hbox (badness 10000) in paragraph at lines 1970--1971

 []

<textbook_files/figure-latex/unnamed-chunk-10-1.pdf, id=720, 433.62pt x 259.97125pt>
File: textbook_files/figure-latex/unnamed-chunk-10-1.pdf Graphic file (type pdf)
<use textbook_files/figure-latex/unnamed-chunk-10-1.pdf>
Package pdftex.def Info: textbook_files/figure-latex/unnamed-chunk-10-1.pdf  used on input line 1990.
(pdftex.def)             Requested size: 312.01428pt x 187.06412pt.

Underfull \hbox (badness 10000) in paragraph at lines 1990--1991

 []

<textbook_files/figure-latex/unnamed-chunk-11-1.pdf, id=721, 433.62pt x 259.97125pt>
File: textbook_files/figure-latex/unnamed-chunk-11-1.pdf Graphic file (type pdf)
<use textbook_files/figure-latex/unnamed-chunk-11-1.pdf>
Package pdftex.def Info: textbook_files/figure-latex/unnamed-chunk-11-1.pdf  used on input line 1994.
(pdftex.def)             Requested size: 312.01428pt x 187.06412pt.

Underfull \hbox (badness 10000) in paragraph at lines 1994--1995

 []

[44 <./textbook_files/figure-latex/2-13d-1.pdf> <./textbook_files/figure-latex/unnamed-chunk-10-1.pdf>]
<textbook_files/figure-latex/unnamed-chunk-12-1.pdf, id=739, 433.62pt x 259.97125pt>
File: textbook_files/figure-latex/unnamed-chunk-12-1.pdf Graphic file (type pdf)
<use textbook_files/figure-latex/unnamed-chunk-12-1.pdf>
Package pdftex.def Info: textbook_files/figure-latex/unnamed-chunk-12-1.pdf  used on input line 2030.
(pdftex.def)             Requested size: 312.01428pt x 187.06412pt.

Underfull \hbox (badness 10000) in paragraph at lines 2030--2031

 []

<textbook_files/figure-latex/unnamed-chunk-13-1.pdf, id=740, 433.62pt x 259.97125pt>
File: textbook_files/figure-latex/unnamed-chunk-13-1.pdf Graphic file (type pdf)
<use textbook_files/figure-latex/unnamed-chunk-13-1.pdf>
Package pdftex.def Info: textbook_files/figure-latex/unnamed-chunk-13-1.pdf  used on input line 2037.
(pdftex.def)             Requested size: 312.01428pt x 187.06412pt.

Underfull \hbox (badness 10000) in paragraph at lines 2037--2038

 []

<textbook_files/figure-latex/unnamed-chunk-14-1.pdf, id=741, 433.62pt x 259.97125pt>
File: textbook_files/figure-latex/unnamed-chunk-14-1.pdf Graphic file (type pdf)
<use textbook_files/figure-latex/unnamed-chunk-14-1.pdf>
Package pdftex.def Info: textbook_files/figure-latex/unnamed-chunk-14-1.pdf  used on input line 2043.
(pdftex.def)             Requested size: 312.01428pt x 187.06412pt.

Underfull \hbox (badness 10000) in paragraph at lines 2043--2044

 []

[45 <./textbook_files/figure-latex/unnamed-chunk-11-1.pdf>] [46 <./textbook_files/figure-latex/unnamed-chunk-12-1.pdf> <./textbook_files/figure-latex/unnamed-chunk-13-1.pdf>]
<textbook_files/figure-latex/unnamed-chunk-15-1.pdf, id=770, 433.62pt x 259.97125pt>
File: textbook_files/figure-latex/unnamed-chunk-15-1.pdf Graphic file (type pdf)
<use textbook_files/figure-latex/unnamed-chunk-15-1.pdf>
Package pdftex.def Info: textbook_files/figure-latex/unnamed-chunk-15-1.pdf  used on input line 2049.
(pdftex.def)             Requested size: 312.01428pt x 187.06412pt.

Underfull \hbox (badness 10000) in paragraph at lines 2049--2050

 []

[47 <./textbook_files/figure-latex/unnamed-chunk-14-1.pdf> <./textbook_files/figure-latex/unnamed-chunk-15-1.pdf>]
<textbook_files/figure-latex/unnamed-chunk-16-1.pdf, id=787, 433.62pt x 259.97125pt>
File: textbook_files/figure-latex/unnamed-chunk-16-1.pdf Graphic file (type pdf)
<use textbook_files/figure-latex/unnamed-chunk-16-1.pdf>
Package pdftex.def Info: textbook_files/figure-latex/unnamed-chunk-16-1.pdf  used on input line 2059.
(pdftex.def)             Requested size: 312.01428pt x 187.06412pt.

Underfull \hbox (badness 10000) in paragraph at lines 2059--2060

 []

<textbook_files/figure-latex/unnamed-chunk-17-1.pdf, id=788, 433.62pt x 259.97125pt>
File: textbook_files/figure-latex/unnamed-chunk-17-1.pdf Graphic file (type pdf)
<use textbook_files/figure-latex/unnamed-chunk-17-1.pdf>
Package pdftex.def Info: textbook_files/figure-latex/unnamed-chunk-17-1.pdf  used on input line 2069.
(pdftex.def)             Requested size: 312.01428pt x 187.06412pt.

Underfull \hbox (badness 10000) in paragraph at lines 2069--2070

 []

<textbook_files/figure-latex/unnamed-chunk-18-1.pdf, id=789, 433.62pt x 259.97125pt>
File: textbook_files/figure-latex/unnamed-chunk-18-1.pdf Graphic file (type pdf)
<use textbook_files/figure-latex/unnamed-chunk-18-1.pdf>
Package pdftex.def Info: textbook_files/figure-latex/unnamed-chunk-18-1.pdf  used on input line 2079.
(pdftex.def)             Requested size: 312.01428pt x 187.06412pt.

Underfull \hbox (badness 10000) in paragraph at lines 2079--2080

 []

[48 <./textbook_files/figure-latex/unnamed-chunk-16-1.pdf> <./textbook_files/figure-latex/unnamed-chunk-17-1.pdf>]
<textbook_files/figure-latex/unnamed-chunk-19-1.pdf, id=806, 433.62pt x 259.97125pt>
File: textbook_files/figure-latex/unnamed-chunk-19-1.pdf Graphic file (type pdf)
<use textbook_files/figure-latex/unnamed-chunk-19-1.pdf>
Package pdftex.def Info: textbook_files/figure-latex/unnamed-chunk-19-1.pdf  used on input line 2089.
(pdftex.def)             Requested size: 312.01428pt x 187.06412pt.

Underfull \hbox (badness 10000) in paragraph at lines 2089--2090

 []

[49 <./textbook_files/figure-latex/unnamed-chunk-18-1.pdf> <./textbook_files/figure-latex/unnamed-chunk-19-1.pdf>]
Overfull \hbox (0.31517pt too wide) in paragraph at lines 2132--2132
|[]\T1/pplj/m/it/10.95 Voorbeeld: In welke mate hangt de vertrek ver-trag-ing af van de
 []

<textbook_files/figure-latex/labelke-1.png, id=826, 433.62pt x 259.97125pt>
File: textbook_files/figure-latex/labelke-1.png Graphic file (type png)
<use textbook_files/figure-latex/labelke-1.png>
Package pdftex.def Info: textbook_files/figure-latex/labelke-1.png  used on input line 2143.
(pdftex.def)             Requested size: 312.01428pt x 187.06412pt.

Underfull \hbox (badness 10000) in paragraph at lines 2143--2144

 []

<textbook_files/figure-latex/labelke2-1.png, id=827, 433.62pt x 259.97125pt>
File: textbook_files/figure-latex/labelke2-1.png Graphic file (type png)
<use textbook_files/figure-latex/labelke2-1.png>
Package pdftex.def Info: textbook_files/figure-latex/labelke2-1.png  used on input line 2155.
(pdftex.def)             Requested size: 312.01428pt x 187.06412pt.

Underfull \hbox (badness 10000) in paragraph at lines 2155--2156

 []

<textbook_files/figure-latex/unnamed-chunk-20-1.pdf, id=828, 650.43pt x 389.455pt>
File: textbook_files/figure-latex/unnamed-chunk-20-1.pdf Graphic file (type pdf)
<use textbook_files/figure-latex/unnamed-chunk-20-1.pdf>
Package pdftex.def Info: textbook_files/figure-latex/unnamed-chunk-20-1.pdf  used on input line 2166.
(pdftex.def)             Requested size: 480.01051pt x 287.4137pt.

Underfull \hbox (badness 10000) in paragraph at lines 2166--2167

 []

[50 <./textbook_files/figure-latex/labelke-1.png>] [51 <./textbook_files/figure-latex/labelke2-1.png> <./textbook_files/figure-latex/unnamed-chunk-20-1.pdf>]
<textbook_files/figure-latex/unnamed-chunk-21-1.pdf, id=849, 650.43pt x 389.455pt>
File: textbook_files/figure-latex/unnamed-chunk-21-1.pdf Graphic file (type pdf)
<use textbook_files/figure-latex/unnamed-chunk-21-1.pdf>
Package pdftex.def Info: textbook_files/figure-latex/unnamed-chunk-21-1.pdf  used on input line 2176.
(pdftex.def)             Requested size: 480.01051pt x 287.4137pt.

Underfull \hbox (badness 10000) in paragraph at lines 2176--2177

 []

<textbook_files/figure-latex/unnamed-chunk-22-1.pdf, id=850, 433.62pt x 259.97125pt>
File: textbook_files/figure-latex/unnamed-chunk-22-1.pdf Graphic file (type pdf)
<use textbook_files/figure-latex/unnamed-chunk-22-1.pdf>
Package pdftex.def Info: textbook_files/figure-latex/unnamed-chunk-22-1.pdf  used on input line 2188.
(pdftex.def)             Requested size: 312.01428pt x 187.06412pt.

Underfull \hbox (badness 10000) in paragraph at lines 2188--2189

 []

<textbook_files/figure-latex/unnamed-chunk-23-1.pdf, id=851, 433.62pt x 259.97125pt>
File: textbook_files/figure-latex/unnamed-chunk-23-1.pdf Graphic file (type pdf)
<use textbook_files/figure-latex/unnamed-chunk-23-1.pdf>
Package pdftex.def Info: textbook_files/figure-latex/unnamed-chunk-23-1.pdf  used on input line 2198.
(pdftex.def)             Requested size: 312.01428pt x 187.06412pt.

Underfull \hbox (badness 10000) in paragraph at lines 2198--2199

 []

<textbook_files/figure-latex/unnamed-chunk-24-1.pdf, id=852, 433.62pt x 259.97125pt>
File: textbook_files/figure-latex/unnamed-chunk-24-1.pdf Graphic file (type pdf)
<use textbook_files/figure-latex/unnamed-chunk-24-1.pdf>
Package pdftex.def Info: textbook_files/figure-latex/unnamed-chunk-24-1.pdf  used on input line 2207.
(pdftex.def)             Requested size: 312.01428pt x 187.06412pt.

Underfull \hbox (badness 10000) in paragraph at lines 2207--2208

 []

<textbook_files/figure-latex/unnamed-chunk-25-1.pdf, id=853, 433.62pt x 259.97125pt>
File: textbook_files/figure-latex/unnamed-chunk-25-1.pdf Graphic file (type pdf)
<use textbook_files/figure-latex/unnamed-chunk-25-1.pdf>
Package pdftex.def Info: textbook_files/figure-latex/unnamed-chunk-25-1.pdf  used on input line 2213.
(pdftex.def)             Requested size: 312.01428pt x 187.06412pt.

Underfull \hbox (badness 10000) in paragraph at lines 2213--2214

 []

<textbook_files/figure-latex/unnamed-chunk-26-1.pdf, id=854, 433.62pt x 259.97125pt>
File: textbook_files/figure-latex/unnamed-chunk-26-1.pdf Graphic file (type pdf)
<use textbook_files/figure-latex/unnamed-chunk-26-1.pdf>
Package pdftex.def Info: textbook_files/figure-latex/unnamed-chunk-26-1.pdf  used on input line 2219.
(pdftex.def)             Requested size: 312.01428pt x 187.06412pt.

Underfull \hbox (badness 10000) in paragraph at lines 2219--2220

 []

[52 <./textbook_files/figure-latex/unnamed-chunk-21-1.pdf>] [53 <./textbook_files/figure-latex/unnamed-chunk-22-1.pdf> <./textbook_files/figure-latex/unnamed-chunk-23-1.pdf>] [54 <./textbook_files/figure-latex/unnamed-chunk-24-1.pdf> <./textbook_files/figure-latex/unnamed-chunk-25-1.pdf>]
<textbook_files/figure-latex/unnamed-chunk-27-1.pdf, id=903, 433.62pt x 259.97125pt>
File: textbook_files/figure-latex/unnamed-chunk-27-1.pdf Graphic file (type pdf)
<use textbook_files/figure-latex/unnamed-chunk-27-1.pdf>
Package pdftex.def Info: textbook_files/figure-latex/unnamed-chunk-27-1.pdf  used on input line 2244.
(pdftex.def)             Requested size: 312.01428pt x 187.06412pt.

Underfull \vbox (badness 10000) has occurred while \output is active []

[55 <./textbook_files/figure-latex/unnamed-chunk-26-1.pdf>]
<textbook_files/figure-latex/unnamed-chunk-28-1.pdf, id=917, 433.62pt x 259.97125pt>
File: textbook_files/figure-latex/unnamed-chunk-28-1.pdf Graphic file (type pdf)
<use textbook_files/figure-latex/unnamed-chunk-28-1.pdf>
Package pdftex.def Info: textbook_files/figure-latex/unnamed-chunk-28-1.pdf  used on input line 2249.
(pdftex.def)             Requested size: 312.01428pt x 187.06412pt.
[56 <./textbook_files/figure-latex/unnamed-chunk-27-1.pdf> <./textbook_files/figure-latex/unnamed-chunk-28-1.pdf>]
Overfull \hbox (6.71979pt too wide) in paragraph at lines 2276--2278
[]\T1/pplj/m/n/10 Soms is het in-tuïtief zeer on-waarschi-jn-lijk dat de waargenomen 
 []

No file textbook.bbl.
[57] (./textbook.aux)
Package rerunfilecheck Info: File `textbook.out' has not changed.
(rerunfilecheck)             Checksum: 24F478EF1A4D8D31D2F44F0B79A7607C;3369.
 ) 
Here is how much of TeX's memory you used:
 16602 strings out of 480236
 284739 string characters out of 5893969
 568169 words of memory out of 5000000
 33868 multiletter control sequences out of 15000+600000
 546884 words of font info for 130 fonts, out of 8000000 for 9000
 14 hyphenation exceptions out of 8191
 81i,17n,80p,836b,632s stack positions out of 5000i,500n,10000p,200000b,80000s
{c:/Users/lucp8407/AppData/Roaming/TinyTeX/texmf-dist/fonts/enc/dvips/base/8r.enc}<c:/Users/lucp8407/AppData/Roaming/TinyTeX/texmf-dist/fonts/type1/public/fpl/fplrc8a.pfb><c:/Users/lucp8407/AppData/Roaming/TinyTeX/texmf-dist/fonts/type1/public/fpl/fplrij8a.pfb><c:/Users/lucp8407/AppData/Roaming/TinyTeX/texmf-dist/fonts/type1/public/bera/fvmr8a.pfb><c:/Users/lucp8407/AppData/Roaming/TinyTeX/texmf-dist/fonts/type1/urw/helvetic/uhvr8a.pfb><c:/Users/lucp8407/AppData/Roaming/TinyTeX/texmf-dist/fonts/type1/urw/palatino/uplb8a.pfb><c:/Users/lucp8407/AppData/Roaming/TinyTeX/texmf-dist/fonts/type1/urw/palatino/uplr8a.pfb><c:/Users/lucp8407/AppData/Roaming/TinyTeX/texmf-dist/fonts/type1/urw/palatino/uplri8a.pfb>
Output written on textbook.pdf (57 pages, 1412558 bytes).
PDF statistics:
 1039 PDF objects out of 1200 (max. 8388607)
 819 compressed objects within 9 object streams
 238 named destinations out of 1000 (max. 500000)
 3003 words of extra memory for PDF output out of 10000 (max. 10000000)

